<?xml version="1.0" encoding="UTF-8"?>
<testng-results skipped="0" failed="0" total="15" passed="15">
  <reporter-output>
  </reporter-output>
  <suite name="Default suite" duration-ms="25510" started-at="2013-01-10T22:41:03Z" finished-at="2013-01-10T22:41:29Z">
    <groups>
    </groups>
    <test name="Local editor tests" duration-ms="25510" started-at="2013-01-10T22:41:03Z" finished-at="2013-01-10T22:41:29Z">
      <class name="org.umlsync.autotest.filemenu.TestFileMenuHover">
        <test-method status="PASS" signature="startSelenium()[pri:0, instance:org.umlsync.autotest.filemenu.TestFileMenuHover@7d1f0c98]" name="startSelenium" is-config="true" duration-ms="4089" started-at="2013-01-11T02:41:07Z" finished-at="2013-01-11T02:41:11Z">
          <reporter-output>
          </reporter-output>
        </test-method> <!-- startSelenium -->
        <test-method status="PASS" signature="testFileMenuHover()[pri:0, instance:org.umlsync.autotest.filemenu.TestFileMenuHover@7d1f0c98]" name="testFileMenuHover" duration-ms="9469" started-at="2013-01-11T02:41:11Z" finished-at="2013-01-11T02:41:21Z">
          <reporter-output>
          </reporter-output>
        </test-method> <!-- testFileMenuHover -->
        <test-method status="PASS" signature="stopSelenium()[pri:0, instance:org.umlsync.autotest.filemenu.TestFileMenuHover@7d1f0c98]" name="stopSelenium" is-config="true" duration-ms="0" started-at="2013-01-11T02:41:21Z" finished-at="2013-01-11T02:41:21Z">
          <reporter-output>
          </reporter-output>
        </test-method> <!-- stopSelenium -->
        <test-method status="PASS" signature="startSelenium()[pri:0, instance:org.umlsync.autotest.filemenu.TestFileMenuHover@7d1f0c98]" name="startSelenium" is-config="true" duration-ms="4947" started-at="2013-01-11T02:41:21Z" finished-at="2013-01-11T02:41:26Z">
          <reporter-output>
          </reporter-output>
        </test-method> <!-- startSelenium -->
        <test-method status="PASS" signature="testProjectMenuDialogs()[pri:0, instance:org.umlsync.autotest.filemenu.TestFileMenuHover@7d1f0c98]" name="testProjectMenuDialogs" duration-ms="2902" started-at="2013-01-11T02:41:26Z" finished-at="2013-01-11T02:41:29Z">
          <reporter-output>
          </reporter-output>
        </test-method> <!-- testProjectMenuDialogs -->
        <test-method status="PASS" signature="stopSelenium()[pri:0, instance:org.umlsync.autotest.filemenu.TestFileMenuHover@7d1f0c98]" name="stopSelenium" is-config="true" duration-ms="15" started-at="2013-01-11T02:41:29Z" finished-at="2013-01-11T02:41:29Z">
          <reporter-output>
          </reporter-output>
        </test-method> <!-- stopSelenium -->
      </class> <!-- org.umlsync.autotest.filemenu.TestFileMenuHover -->
      <class name="org.umlsync.autotest.filemenu.TestFileMenuHandler">
        <test-method status="PASS" signature="startSelenium()[pri:0, instance:org.umlsync.autotest.filemenu.TestFileMenuHandler@36b88745]" name="startSelenium" is-config="true" duration-ms="5898" started-at="2013-01-11T02:40:57Z" finished-at="2013-01-11T02:41:03Z">
          <reporter-output>
          </reporter-output>
        </test-method> <!-- startSelenium -->
        <test-method status="PASS" signature="testFileMenu_MenuHover(java.lang.String, java.lang.String)[pri:0, instance:org.umlsync.autotest.filemenu.TestFileMenuHandler@36b88745]" name="testFileMenu_MenuHover" duration-ms="32" started-at="2013-01-11T02:41:03Z" data-provider="MouseOverData" finished-at="2013-01-11T02:41:03Z">
          <params>
            <param index="0">
              <value>
                <![CDATA[Project]]>
              </value>
            </param>
            <param index="1">
              <value>
                <![CDATA[css=#file-menu_0]]>
              </value>
            </param>
          </params>
          <reporter-output>
          </reporter-output>
        </test-method> <!-- testFileMenu_MenuHover -->
        <test-method status="PASS" signature="testFileMenu_MenuHover(java.lang.String, java.lang.String)[pri:0, instance:org.umlsync.autotest.filemenu.TestFileMenuHandler@36b88745]" name="testFileMenu_MenuHover" duration-ms="31" started-at="2013-01-11T02:41:03Z" data-provider="MouseOverData" finished-at="2013-01-11T02:41:03Z">
          <params>
            <param index="0">
              <value>
                <![CDATA[Actions]]>
              </value>
            </param>
            <param index="1">
              <value>
                <![CDATA[css=#file-menu_1]]>
              </value>
            </param>
          </params>
          <reporter-output>
          </reporter-output>
        </test-method> <!-- testFileMenu_MenuHover -->
        <test-method status="PASS" signature="testFileMenu_MenuHover(java.lang.String, java.lang.String)[pri:0, instance:org.umlsync.autotest.filemenu.TestFileMenuHandler@36b88745]" name="testFileMenu_MenuHover" duration-ms="31" started-at="2013-01-11T02:41:03Z" data-provider="MouseOverData" finished-at="2013-01-11T02:41:03Z">
          <params>
            <param index="0">
              <value>
                <![CDATA[Edit]]>
              </value>
            </param>
            <param index="1">
              <value>
                <![CDATA[css=#file-menu_2]]>
              </value>
            </param>
          </params>
          <reporter-output>
          </reporter-output>
        </test-method> <!-- testFileMenu_MenuHover -->
        <test-method status="PASS" signature="testFileMenu_MenuHover(java.lang.String, java.lang.String)[pri:0, instance:org.umlsync.autotest.filemenu.TestFileMenuHandler@36b88745]" name="testFileMenu_MenuHover" duration-ms="47" started-at="2013-01-11T02:41:03Z" data-provider="MouseOverData" finished-at="2013-01-11T02:41:03Z">
          <params>
            <param index="0">
              <value>
                <![CDATA[Views]]>
              </value>
            </param>
            <param index="1">
              <value>
                <![CDATA[css=#file-menu_3]]>
              </value>
            </param>
          </params>
          <reporter-output>
          </reporter-output>
        </test-method> <!-- testFileMenu_MenuHover -->
        <test-method status="PASS" signature="testFileMenu_MenuHover(java.lang.String, java.lang.String)[pri:0, instance:org.umlsync.autotest.filemenu.TestFileMenuHandler@36b88745]" name="testFileMenu_MenuHover" duration-ms="47" started-at="2013-01-11T02:41:03Z" data-provider="MouseOverData" finished-at="2013-01-11T02:41:03Z">
          <params>
            <param index="0">
              <value>
                <![CDATA[Project|Change repository]]>
              </value>
            </param>
            <param index="1">
              <value>
                <![CDATA[css=#file-menu_0_0 > a]]>
              </value>
            </param>
          </params>
          <reporter-output>
          </reporter-output>
        </test-method> <!-- testFileMenu_MenuHover -->
        <test-method status="PASS" signature="testFileMenu_MenuHover(java.lang.String, java.lang.String)[pri:0, instance:org.umlsync.autotest.filemenu.TestFileMenuHandler@36b88745]" name="testFileMenu_MenuHover" duration-ms="31" started-at="2013-01-11T02:41:03Z" data-provider="MouseOverData" finished-at="2013-01-11T02:41:03Z">
          <params>
            <param index="0">
              <value>
                <![CDATA[Project|Change branch]]>
              </value>
            </param>
            <param index="1">
              <value>
                <![CDATA[css=#file-menu_0_1 > a]]>
              </value>
            </param>
          </params>
          <reporter-output>
          </reporter-output>
        </test-method> <!-- testFileMenu_MenuHover -->
        <test-method status="PASS" signature="testFileMenu_MenuHover(java.lang.String, java.lang.String)[pri:0, instance:org.umlsync.autotest.filemenu.TestFileMenuHandler@36b88745]" name="testFileMenu_MenuHover" duration-ms="47" started-at="2013-01-11T02:41:03Z" data-provider="MouseOverData" finished-at="2013-01-11T02:41:03Z">
          <params>
            <param index="0">
              <value>
                <![CDATA[Project|New diagram]]>
              </value>
            </param>
            <param index="1">
              <value>
                <![CDATA[css=#file-menu_0_2 > a]]>
              </value>
            </param>
          </params>
          <reporter-output>
          </reporter-output>
        </test-method> <!-- testFileMenu_MenuHover -->
        <test-method status="PASS" signature="testFileMenu_MenuHover(java.lang.String, java.lang.String)[pri:0, instance:org.umlsync.autotest.filemenu.TestFileMenuHandler@36b88745]" name="testFileMenu_MenuHover" duration-ms="46" started-at="2013-01-11T02:41:03Z" data-provider="MouseOverData" finished-at="2013-01-11T02:41:04Z">
          <params>
            <param index="0">
              <value>
                <![CDATA[Project|New gist diagram]]>
              </value>
            </param>
            <param index="1">
              <value>
                <![CDATA[css=#file-menu_0_3 > a]]>
              </value>
            </param>
          </params>
          <reporter-output>
          </reporter-output>
        </test-method> <!-- testFileMenu_MenuHover -->
        <test-method status="PASS" signature="testFileMenu_ProjectDialogs(java.lang.String, java.lang.String)[pri:0, instance:org.umlsync.autotest.filemenu.TestFileMenuHandler@36b88745]" name="testFileMenu_ProjectDialogs" duration-ms="359" started-at="2013-01-11T02:41:04Z" data-provider="ProjectMenusData" finished-at="2013-01-11T02:41:04Z">
          <params>
            <param index="0">
              <value>
                <![CDATA[Project|Change repository]]>
              </value>
            </param>
            <param index="1">
              <value>
                <![CDATA[RepoSelection]]>
              </value>
            </param>
          </params>
          <reporter-output>
          </reporter-output>
        </test-method> <!-- testFileMenu_ProjectDialogs -->
        <test-method status="PASS" signature="testFileMenu_ProjectDialogs(java.lang.String, java.lang.String)[pri:0, instance:org.umlsync.autotest.filemenu.TestFileMenuHandler@36b88745]" name="testFileMenu_ProjectDialogs" duration-ms="390" started-at="2013-01-11T02:41:04Z" data-provider="ProjectMenusData" finished-at="2013-01-11T02:41:04Z">
          <params>
            <param index="0">
              <value>
                <![CDATA[Project|Change branch]]>
              </value>
            </param>
            <param index="1">
              <value>
                <![CDATA[NewProject]]>
              </value>
            </param>
          </params>
          <reporter-output>
          </reporter-output>
        </test-method> <!-- testFileMenu_ProjectDialogs -->
        <test-method status="PASS" signature="testFileMenu_ProjectDialogs(java.lang.String, java.lang.String)[pri:0, instance:org.umlsync.autotest.filemenu.TestFileMenuHandler@36b88745]" name="testFileMenu_ProjectDialogs" duration-ms="359" started-at="2013-01-11T02:41:04Z" data-provider="ProjectMenusData" finished-at="2013-01-11T02:41:05Z">
          <params>
            <param index="0">
              <value>
                <![CDATA[Project|New diagram]]>
              </value>
            </param>
            <param index="1">
              <value>
                <![CDATA[NewDiagram]]>
              </value>
            </param>
          </params>
          <reporter-output>
          </reporter-output>
        </test-method> <!-- testFileMenu_ProjectDialogs -->
        <test-method status="PASS" signature="testFileMenu_ProjectDialogs(java.lang.String, java.lang.String)[pri:0, instance:org.umlsync.autotest.filemenu.TestFileMenuHandler@36b88745]" name="testFileMenu_ProjectDialogs" duration-ms="390" started-at="2013-01-11T02:41:05Z" data-provider="ProjectMenusData" finished-at="2013-01-11T02:41:05Z">
          <params>
            <param index="0">
              <value>
                <![CDATA[Project|New gist diagram]]>
              </value>
            </param>
            <param index="1">
              <value>
                <![CDATA[NewGist]]>
              </value>
            </param>
          </params>
          <reporter-output>
          </reporter-output>
        </test-method> <!-- testFileMenu_ProjectDialogs -->
        <test-method status="PASS" signature="testFileMenu_ProjectDialogsSelectors(java.lang.String, java.lang.String, java.lang.String)[pri:0, instance:org.umlsync.autotest.filemenu.TestFileMenuHandler@36b88745]" name="testFileMenu_ProjectDialogsSelectors" duration-ms="2278" started-at="2013-01-11T02:41:05Z" data-provider="NewDiagramSelectorsData" finished-at="2013-01-11T02:41:07Z">
          <params>
            <param index="0">
              <value>
                <![CDATA[Project|New diagram]]>
              </value>
            </param>
            <param index="1">
              <value>
                <![CDATA[NewDiagram]]>
              </value>
            </param>
            <param index="2">
              <value>
                <![CDATA[UML class diagram|UML component diagram|UML package diagram|UML sequence diagram|Common objects diagram]]>
              </value>
            </param>
          </params>
          <reporter-output>
          </reporter-output>
        </test-method> <!-- testFileMenu_ProjectDialogsSelectors -->
        <test-method status="PASS" signature="stopSelenium()[pri:0, instance:org.umlsync.autotest.filemenu.TestFileMenuHandler@36b88745]" name="stopSelenium" is-config="true" duration-ms="31" started-at="2013-01-11T02:41:29Z" finished-at="2013-01-11T02:41:29Z">
          <reporter-output>
          </reporter-output>
        </test-method> <!-- stopSelenium -->
      </class> <!-- org.umlsync.autotest.filemenu.TestFileMenuHandler -->
    </test> <!-- Local editor tests -->
  </suite> <!-- Default suite -->
</testng-results>
