<?xml version="1.0" encoding="UTF-8"?>
<!-- Generated by org.testng.reporters.JUnitXMLReporter -->
<testsuite hostname="aea301-02" name="Default test" tests="2" failures="0" timestamp="23 Nov 2012 10:43:31 GMT" time="32.673" errors="0">
  <testcase name="testClassEditable" time="19.465" classname="org.umlsync.autotest.filemenu.ClassDiagramElements"/>
  <testcase name="testClassElementsCreation" time="2.017" classname="org.umlsync.autotest.filemenu.ClassDiagramElements"/>
</testsuite> <!-- Default test -->
