<?xml version="1.0" encoding="UTF-8"?>
<!-- Generated by org.testng.reporters.JUnitXMLReporter -->
<testsuite hostname="aea301-02" name="Default test" tests="3" failures="0" timestamp="11 Dec 2012 15:59:01 GMT" time="23.082" errors="0">
  <testcase name="testAddRemoveDndElement" time="2.847" classname="org.umlsync.autotest.filemenu.TestOperationManager"/>
  <testcase name="testClassEditable" time="2.687" classname="org.umlsync.autotest.filemenu.TestOperationManager"/>
  <testcase name="testClassSortable" time="3.38" classname="org.umlsync.autotest.filemenu.TestOperationManager"/>
</testsuite> <!-- Default test -->
