<?xml version="1.0" encoding="UTF-8"?>
<!-- Generated by org.testng.reporters.JUnitXMLReporter -->
<testsuite hostname="aea301-02" name="Default test" tests="3" failures="0" timestamp="26 Nov 2012 14:34:07 GMT" time="22.923" errors="0">
  <testcase name="testAddRemoveDndElement" time="2.768" classname="org.umlsync.autotest.filemenu.TestOperationManager"/>
  <testcase name="testClassEditable" time="2.546" classname="org.umlsync.autotest.filemenu.TestOperationManager"/>
  <testcase name="testClassSortable" time="3.151" classname="org.umlsync.autotest.filemenu.TestOperationManager"/>
</testsuite> <!-- Default test -->
